<?xml version="1.0" encoding="UTF-8"?>
<testsuite name="com.team13.piazzapanic.AssetTests" tests="2" skipped="0" failures="0" errors="0" timestamp="2023-02-22T22:16:43" hostname="billy-laptop" time="0.017">
  <properties/>
  <testcase name="testBurgerBunsAssetExists" classname="com.team13.piazzapanic.AssetTests" time="0.005"/>
  <testcase name="testBurgerAssetExists" classname="com.team13.piazzapanic.AssetTests" time="0.001"/>
  <system-out><![CDATA[]]></system-out>
  <system-err><![CDATA[]]></system-err>
</testsuite>
